<?xml version="1.0" encoding="UTF-8"?>
<testsuite name="com.tweetapp.service.TweetsServiceTest" tests="8" skipped="0" failures="0" errors="0" timestamp="2022-03-31T09:02:08" hostname="kali" time="0.164">
  <properties/>
  <testcase name="testDeleteTweet()" classname="com.tweetapp.service.TweetsServiceTest" time="0.137"/>
  <testcase name="testUpdateTweet_throwsException()" classname="com.tweetapp.service.TweetsServiceTest" time="0.003"/>
  <testcase name="testGetTweetsByUser_throwsException()" classname="com.tweetapp.service.TweetsServiceTest" time="0.002"/>
  <testcase name="testUpdateTweet()" classname="com.tweetapp.service.TweetsServiceTest" time="0.003"/>
  <testcase name="testGetAllTweets_throwsException()" classname="com.tweetapp.service.TweetsServiceTest" time="0.005"/>
  <testcase name="testGetAllTweets()" classname="com.tweetapp.service.TweetsServiceTest" time="0.003"/>
  <testcase name="testSaveTweet()" classname="com.tweetapp.service.TweetsServiceTest" time="0.002"/>
  <testcase name="testGetTweetByUser()" classname="com.tweetapp.service.TweetsServiceTest" time="0.003"/>
  <system-out><![CDATA[2022-03-31 14:32:08.200  INFO 21454 --- [    Test worker] com.tweetapp.service.TweetsService       : Attempting to Update Tweet, class com.tweetapp.service.TweetsService
2022-03-31 14:32:08.203  INFO 21454 --- [    Test worker] com.tweetapp.service.TweetsService       : Attempting to fetch all tweets by user, class com.tweetapp.service.TweetsService
2022-03-31 14:32:08.203  INFO 21454 --- [    Test worker] com.tweetapp.service.TweetsService       : No tweets available, class com.tweetapp.service.TweetsService
2022-03-31 14:32:08.207  INFO 21454 --- [    Test worker] com.tweetapp.service.TweetsService       : Attempting to Update Tweet, class com.tweetapp.service.TweetsService
2022-03-31 14:32:08.207  INFO 21454 --- [    Test worker] com.tweetapp.service.TweetsService       : Successfully Updated Tweet, class com.tweetapp.service.TweetsService
2022-03-31 14:32:08.212  INFO 21454 --- [    Test worker] com.tweetapp.service.TweetsService       : Attempting to fetch all tweets, class com.tweetapp.service.TweetsService
2022-03-31 14:32:08.213  INFO 21454 --- [    Test worker] com.tweetapp.service.TweetsService       : No tweets found, class com.tweetapp.service.TweetsService
2022-03-31 14:32:08.216  INFO 21454 --- [    Test worker] com.tweetapp.service.TweetsService       : Attempting to fetch all tweets, class com.tweetapp.service.TweetsService
2022-03-31 14:32:08.216  INFO 21454 --- [    Test worker] com.tweetapp.service.TweetsService       : Successfully retrieved all tweets, class com.tweetapp.service.TweetsService
2022-03-31 14:32:08.219  INFO 21454 --- [    Test worker] com.tweetapp.service.TweetsService       : Attempting to create new tweet, class com.tweetapp.service.TweetsService
2022-03-31 14:32:08.219  INFO 21454 --- [    Test worker] com.tweetapp.service.TweetsService       : Successfully created new tweet, class com.tweetapp.service.TweetsService
2022-03-31 14:32:08.223  INFO 21454 --- [    Test worker] com.tweetapp.service.TweetsService       : Attempting to fetch all tweets by user, class com.tweetapp.service.TweetsService
2022-03-31 14:32:08.223  INFO 21454 --- [    Test worker] com.tweetapp.service.TweetsService       : Successfully retrieved tweets, class com.tweetapp.service.TweetsService
]]></system-out>
  <system-err><![CDATA[]]></system-err>
</testsuite>
