<?xml version="1.0" encoding="UTF-8"?>
<testsuite name="com.tweetapp.controller.TweetsControllerTest" tests="9" skipped="0" failures="0" errors="0" timestamp="2022-03-08T12:00:34" hostname="kali" time="0.263">
  <properties/>
  <testcase name="testDeleteTweet()" classname="com.tweetapp.controller.TweetsControllerTest" time="0.105"/>
  <testcase name="testPostTweet()" classname="com.tweetapp.controller.TweetsControllerTest" time="0.082"/>
  <testcase name="testUpdateTweet()" classname="com.tweetapp.controller.TweetsControllerTest" time="0.01"/>
  <testcase name="testUpdateTweet_errorStatus()" classname="com.tweetapp.controller.TweetsControllerTest" time="0.008"/>
  <testcase name="testPostTweet_errorStatus()" classname="com.tweetapp.controller.TweetsControllerTest" time="0.008"/>
  <testcase name="testGetAllTweets()" classname="com.tweetapp.controller.TweetsControllerTest" time="0.014"/>
  <testcase name="testGetAllTweets_ErrorStatus()" classname="com.tweetapp.controller.TweetsControllerTest" time="0.007"/>
  <testcase name="testGetAllTweetsByUser_errorStatus()" classname="com.tweetapp.controller.TweetsControllerTest" time="0.006"/>
  <testcase name="testGetAllTweetsByUser()" classname="com.tweetapp.controller.TweetsControllerTest" time="0.01"/>
  <system-out><![CDATA[17:30:31.243 [Test worker] DEBUG org.springframework.test.context.BootstrapUtils - Instantiating CacheAwareContextLoaderDelegate from class [org.springframework.test.context.cache.DefaultCacheAwareContextLoaderDelegate]
17:30:31.252 [Test worker] DEBUG org.springframework.test.context.BootstrapUtils - Instantiating BootstrapContext using constructor [public org.springframework.test.context.support.DefaultBootstrapContext(java.lang.Class,org.springframework.test.context.CacheAwareContextLoaderDelegate)]
17:30:31.291 [Test worker] DEBUG org.springframework.test.context.BootstrapUtils - Instantiating TestContextBootstrapper for test class [com.tweetapp.controller.TweetsControllerTest] from class [org.springframework.boot.test.autoconfigure.web.servlet.WebMvcTestContextBootstrapper]
17:30:31.301 [Test worker] INFO org.springframework.boot.test.autoconfigure.web.servlet.WebMvcTestContextBootstrapper - Neither @ContextConfiguration nor @ContextHierarchy found for test class [com.tweetapp.controller.TweetsControllerTest], using SpringBootContextLoader
17:30:31.305 [Test worker] DEBUG org.springframework.test.context.support.AbstractContextLoader - Did not detect default resource location for test class [com.tweetapp.controller.TweetsControllerTest]: class path resource [com/tweetapp/controller/TweetsControllerTest-context.xml] does not exist
17:30:31.305 [Test worker] DEBUG org.springframework.test.context.support.AbstractContextLoader - Did not detect default resource location for test class [com.tweetapp.controller.TweetsControllerTest]: class path resource [com/tweetapp/controller/TweetsControllerTestContext.groovy] does not exist
17:30:31.306 [Test worker] INFO org.springframework.test.context.support.AbstractContextLoader - Could not detect default resource locations for test class [com.tweetapp.controller.TweetsControllerTest]: no resource found for suffixes {-context.xml, Context.groovy}.
17:30:31.306 [Test worker] INFO org.springframework.test.context.support.AnnotationConfigContextLoaderUtils - Could not detect default configuration classes for test class [com.tweetapp.controller.TweetsControllerTest]: TweetsControllerTest does not declare any static, non-private, non-final, nested classes annotated with @Configuration.
17:30:31.379 [Test worker] DEBUG org.springframework.test.context.support.ActiveProfilesUtils - Could not find an 'annotation declaring class' for annotation type [org.springframework.test.context.ActiveProfiles] and class [com.tweetapp.controller.TweetsControllerTest]
17:30:31.477 [Test worker] DEBUG org.springframework.context.annotation.ClassPathScanningCandidateComponentProvider - Identified candidate component class: file [/home/amith/Documents/Tweetsapp/build/classes/java/main/com/tweetapp/TweetappApplication.class]
17:30:31.478 [Test worker] INFO org.springframework.boot.test.context.SpringBootTestContextBootstrapper - Found @SpringBootConfiguration com.tweetapp.TweetappApplication for test class com.tweetapp.controller.TweetsControllerTest
17:30:31.481 [Test worker] DEBUG org.springframework.boot.test.autoconfigure.web.servlet.WebMvcTestContextBootstrapper - @TestExecutionListeners is not present for class [com.tweetapp.controller.TweetsControllerTest]: using defaults.
17:30:31.482 [Test worker] INFO org.springframework.boot.test.autoconfigure.web.servlet.WebMvcTestContextBootstrapper - Loaded default TestExecutionListener class names from location [META-INF/spring.factories]: [org.springframework.boot.test.autoconfigure.restdocs.RestDocsTestExecutionListener, org.springframework.boot.test.autoconfigure.web.client.MockRestServiceServerResetTestExecutionListener, org.springframework.boot.test.autoconfigure.web.servlet.MockMvcPrintOnlyOnFailureTestExecutionListener, org.springframework.boot.test.autoconfigure.web.servlet.WebDriverTestExecutionListener, org.springframework.boot.test.autoconfigure.webservices.client.MockWebServiceServerTestExecutionListener, org.springframework.boot.test.mock.mockito.MockitoTestExecutionListener, org.springframework.boot.test.mock.mockito.ResetMocksTestExecutionListener, org.springframework.test.context.web.ServletTestExecutionListener, org.springframework.test.context.support.DirtiesContextBeforeModesTestExecutionListener, org.springframework.test.context.event.ApplicationEventsTestExecutionListener, org.springframework.test.context.support.DependencyInjectionTestExecutionListener, org.springframework.test.context.support.DirtiesContextTestExecutionListener, org.springframework.test.context.transaction.TransactionalTestExecutionListener, org.springframework.test.context.jdbc.SqlScriptsTestExecutionListener, org.springframework.test.context.event.EventPublishingTestExecutionListener]
17:30:31.495 [Test worker] INFO org.springframework.boot.test.autoconfigure.web.servlet.WebMvcTestContextBootstrapper - Using TestExecutionListeners: [org.springframework.test.context.web.ServletTestExecutionListener@56c9bbd8, org.springframework.test.context.support.DirtiesContextBeforeModesTestExecutionListener@630cb4a4, org.springframework.test.context.event.ApplicationEventsTestExecutionListener@636e8cc, org.springframework.boot.test.mock.mockito.MockitoTestExecutionListener@f79a760, org.springframework.boot.test.autoconfigure.SpringBootDependencyInjectionTestExecutionListener@14f5da2c, org.springframework.test.context.support.DirtiesContextTestExecutionListener@12dae582, org.springframework.test.context.transaction.TransactionalTestExecutionListener@239b0f9d, org.springframework.test.context.jdbc.SqlScriptsTestExecutionListener@619bfe29, org.springframework.test.context.event.EventPublishingTestExecutionListener@5b057c8c, org.springframework.boot.test.autoconfigure.restdocs.RestDocsTestExecutionListener@1eb6749b, org.springframework.boot.test.autoconfigure.web.client.MockRestServiceServerResetTestExecutionListener@652a7737, org.springframework.boot.test.autoconfigure.web.servlet.MockMvcPrintOnlyOnFailureTestExecutionListener@5b7ea70d, org.springframework.boot.test.autoconfigure.web.servlet.WebDriverTestExecutionListener@2bef51f2, org.springframework.boot.test.autoconfigure.webservices.client.MockWebServiceServerTestExecutionListener@650eab8, org.springframework.boot.test.mock.mockito.ResetMocksTestExecutionListener@30f5a68a]
17:30:31.498 [Test worker] DEBUG org.springframework.test.context.support.AbstractDirtiesContextTestExecutionListener - Before test class: context [DefaultTestContext@5b04476e testClass = TweetsControllerTest, testInstance = [null], testMethod = [null], testException = [null], mergedContextConfiguration = [WebMergedContextConfiguration@5ad10c1a testClass = TweetsControllerTest, locations = '{}', classes = '{class com.tweetapp.TweetappApplication}', contextInitializerClasses = '[]', activeProfiles = '{}', propertySourceLocations = '{}', propertySourceProperties = '{org.springframework.boot.test.autoconfigure.web.servlet.WebMvcTestContextBootstrapper=true}', contextCustomizers = set[org.springframework.boot.test.autoconfigure.OverrideAutoConfigurationContextCustomizerFactory$DisableAutoConfigurationContextCustomizer@6995bf68, org.springframework.boot.test.autoconfigure.actuate.metrics.MetricsExportContextCustomizerFactory$DisableMetricExportContextCustomizer@3e7dd664, org.springframework.boot.test.autoconfigure.filter.TypeExcludeFiltersContextCustomizer@8441469d, org.springframework.boot.test.autoconfigure.properties.PropertyMappingContextCustomizer@24919eac, org.springframework.boot.test.autoconfigure.web.servlet.WebDriverContextCustomizerFactory$Customizer@63f8276e, [ImportsContextCustomizer@6bb75258 key = [org.springframework.boot.autoconfigure.cache.CacheAutoConfiguration, org.springframework.boot.autoconfigure.context.MessageSourceAutoConfiguration, org.springframework.boot.autoconfigure.data.web.SpringDataWebAutoConfiguration, org.springframework.boot.autoconfigure.freemarker.FreeMarkerAutoConfiguration, org.springframework.boot.autoconfigure.groovy.template.GroovyTemplateAutoConfiguration, org.springframework.boot.autoconfigure.gson.GsonAutoConfiguration, org.springframework.boot.autoconfigure.hateoas.HypermediaAutoConfiguration, org.springframework.boot.autoconfigure.http.HttpMessageConvertersAutoConfiguration, org.springframework.boot.autoconfigure.jackson.JacksonAutoConfiguration, org.springframework.boot.autoconfigure.jsonb.JsonbAutoConfiguration, org.springframework.boot.autoconfigure.mustache.MustacheAutoConfiguration, org.springframework.boot.autoconfigure.task.TaskExecutionAutoConfiguration, org.springframework.boot.autoconfigure.thymeleaf.ThymeleafAutoConfiguration, org.springframework.boot.autoconfigure.validation.ValidationAutoConfiguration, org.springframework.boot.autoconfigure.web.servlet.error.ErrorMvcAutoConfiguration, org.springframework.boot.autoconfigure.web.servlet.HttpEncodingAutoConfiguration, org.springframework.boot.autoconfigure.web.servlet.WebMvcAutoConfiguration, org.springframework.boot.test.autoconfigure.web.servlet.MockMvcAutoConfiguration, org.springframework.boot.test.autoconfigure.web.servlet.MockMvcWebClientAutoConfiguration, org.springframework.boot.test.autoconfigure.web.servlet.MockMvcWebDriverAutoConfiguration, org.springframework.boot.autoconfigure.security.oauth2.client.servlet.OAuth2ClientAutoConfiguration, org.springframework.boot.autoconfigure.security.oauth2.resource.servlet.OAuth2ResourceServerAutoConfiguration, org.springframework.boot.autoconfigure.security.servlet.SecurityAutoConfiguration, org.springframework.boot.autoconfigure.security.servlet.SecurityFilterAutoConfiguration, org.springframework.boot.autoconfigure.security.servlet.UserDetailsServiceAutoConfiguration, org.springframework.boot.test.autoconfigure.web.servlet.MockMvcSecurityConfiguration, org.springframework.boot.test.autoconfigure.web.reactive.WebTestClientAutoConfiguration]], org.springframework.boot.test.context.filter.ExcludeFilterContextCustomizer@1b73be9f, org.springframework.boot.test.json.DuplicateJsonObjectContextCustomizerFactory$DuplicateJsonObjectContextCustomizer@30b19518, org.springframework.boot.test.mock.mockito.MockitoContextCustomizer@6db402fc, org.springframework.boot.test.context.SpringBootTestArgs@1, org.springframework.boot.test.context.SpringBootTestWebEnvironment@0], resourceBasePath = 'src/main/webapp', contextLoader = 'org.springframework.boot.test.context.SpringBootContextLoader', parent = [null]], attributes = map[[empty]]], class annotated with @DirtiesContext [false] with mode [null].

  .   ____          _            __ _ _
 /\\ / ___'_ __ _ _(_)_ __  __ _ \ \ \ \
( ( )\___ | '_ | '_| | '_ \/ _` | \ \ \ \
 \\/  ___)| |_)| | | | | || (_| |  ) ) ) )
  '  |____| .__|_| |_|_| |_\__, | / / / /
 =========|_|==============|___/=/_/_/_/
 :: Spring Boot ::                (v2.6.3)

2022-03-08 17:30:31.850  INFO 93500 --- [    Test worker] c.t.controller.TweetsControllerTest      : Starting TweetsControllerTest using Java 17.0.2 on kali with PID 93500 (started by amith in /home/amith/Documents/Tweetsapp)
2022-03-08 17:30:31.851  INFO 93500 --- [    Test worker] c.t.controller.TweetsControllerTest      : No active profile set, falling back to default profiles: default
2022-03-08 17:30:34.036  INFO 93500 --- [    Test worker] o.s.b.t.m.w.SpringBootMockServletContext : Initializing Spring TestDispatcherServlet ''
2022-03-08 17:30:34.036  INFO 93500 --- [    Test worker] o.s.t.web.servlet.TestDispatcherServlet  : Initializing Servlet ''
2022-03-08 17:30:34.038  INFO 93500 --- [    Test worker] o.s.t.web.servlet.TestDispatcherServlet  : Completed initialization in 2 ms
2022-03-08 17:30:34.065  INFO 93500 --- [    Test worker] c.t.controller.TweetsControllerTest      : Started TweetsControllerTest in 2.53 seconds (JVM running for 3.583)
2022-03-08 17:30:34.145  INFO 93500 --- [    Test worker] c.tweetapp.controller.TweetsController   : Attempting to delete tweet, class com.tweetapp.controller.TweetsController
2022-03-08 17:30:34.150  INFO 93500 --- [    Test worker] c.tweetapp.controller.TweetsController   : Successfully deleted tweet, class com.tweetapp.controller.TweetsController
2022-03-08 17:30:34.253  INFO 93500 --- [    Test worker] c.tweetapp.controller.TweetsController   : Attempting to create new tweet, class com.tweetapp.controller.TweetsController
2022-03-08 17:30:34.254  INFO 93500 --- [    Test worker] c.tweetapp.controller.TweetsController   : Successfully created new tweet, class com.tweetapp.controller.TweetsController
2022-03-08 17:30:34.270  INFO 93500 --- [    Test worker] c.tweetapp.controller.TweetsController   : Attempting to Update Tweet, class com.tweetapp.controller.TweetsController
2022-03-08 17:30:34.271  INFO 93500 --- [    Test worker] c.tweetapp.controller.TweetsController   : Successfully Updated Tweet, class com.tweetapp.controller.TweetsController
2022-03-08 17:30:34.280  WARN 93500 --- [    Test worker] .w.s.m.s.DefaultHandlerExceptionResolver : Resolved [org.springframework.http.converter.HttpMessageNotReadableException: Required request body is missing: public org.springframework.http.ResponseEntity<com.tweetapp.dto.TweetsDto> com.tweetapp.controller.TweetsController.updateTweet(java.lang.String,java.lang.String,com.tweetapp.model.Tweets,javax.servlet.http.HttpSession) throws com.tweetapp.exceptions.NoDataAvailableException]
2022-03-08 17:30:34.289  WARN 93500 --- [    Test worker] .w.s.m.s.DefaultHandlerExceptionResolver : Resolved [org.springframework.http.converter.HttpMessageNotReadableException: Required request body is missing: public org.springframework.http.ResponseEntity<com.tweetapp.dto.TweetsDto> com.tweetapp.controller.TweetsController.postTweet(java.lang.String,com.tweetapp.model.Tweets,javax.servlet.http.HttpSession) throws com.tweetapp.exceptions.NoDataAvailableException]
2022-03-08 17:30:34.300  INFO 93500 --- [    Test worker] c.tweetapp.controller.TweetsController   : Attempting to fetch all tweets, class com.tweetapp.controller.TweetsController
2022-03-08 17:30:34.301  INFO 93500 --- [    Test worker] c.tweetapp.controller.TweetsController   : Successfully retrieved all tweets, class com.tweetapp.controller.TweetsController
2022-03-08 17:30:34.315  WARN 93500 --- [    Test worker] .w.s.m.s.DefaultHandlerExceptionResolver : Resolved [org.springframework.web.bind.MissingServletRequestParameterException: Required request parameter 'size' for method parameter type int is not present]
2022-03-08 17:30:34.324  WARN 93500 --- [    Test worker] .w.s.m.s.DefaultHandlerExceptionResolver : Resolved [org.springframework.web.bind.MissingServletRequestParameterException: Required request parameter 'email' for method parameter type String is not present]
2022-03-08 17:30:34.332  INFO 93500 --- [    Test worker] c.tweetapp.controller.TweetsController   : Attempting to fetch all tweets by user, class com.tweetapp.controller.TweetsController
2022-03-08 17:30:34.332  INFO 93500 --- [    Test worker] c.tweetapp.controller.TweetsController   : Successfully retrieved tweets, class com.tweetapp.controller.TweetsController
]]></system-out>
  <system-err><![CDATA[]]></system-err>
</testsuite>
