<?xml version="1.0" encoding="UTF-8"?>
<testsuite name="com.tweetapp.service.UserServiceTest" tests="7" skipped="0" failures="0" errors="0" timestamp="2022-04-07T05:28:19" hostname="kali" time="0.045">
  <properties/>
  <testcase name="testLogin()" classname="com.tweetapp.service.UserServiceTest" time="0.03"/>
  <testcase name="testRegisterUser()" classname="com.tweetapp.service.UserServiceTest" time="0.002"/>
  <testcase name="testChangePassword()" classname="com.tweetapp.service.UserServiceTest" time="0.002"/>
  <testcase name="testRetrieveAll_throwsException()" classname="com.tweetapp.service.UserServiceTest" time="0.002"/>
  <testcase name="testChangePassword_throwsException()" classname="com.tweetapp.service.UserServiceTest" time="0.002"/>
  <testcase name="testLogin_throwsException()" classname="com.tweetapp.service.UserServiceTest" time="0.002"/>
  <testcase name="testRetrieveAll()" classname="com.tweetapp.service.UserServiceTest" time="0.002"/>
  <system-out><![CDATA[2022-04-07 10:58:19.152  INFO 4810 --- [    Test worker] com.tweetapp.service.UserService         : Attempting to login, class com.tweetapp.service.UserService
2022-04-07 10:58:19.153  INFO 4810 --- [    Test worker] com.tweetapp.service.UserService         : Successfully logged in, class com.tweetapp.service.UserService
2022-04-07 10:58:19.155  INFO 4810 --- [    Test worker] com.tweetapp.service.UserService         : Attempting to create new user, class com.tweetapp.service.UserService
2022-04-07 10:58:19.155  INFO 4810 --- [    Test worker] com.tweetapp.service.UserService         : Successfully created user, class com.tweetapp.service.UserService
2022-04-07 10:58:19.158  INFO 4810 --- [    Test worker] com.tweetapp.service.UserService         : Attempting to change password, class com.tweetapp.service.UserService
2022-04-07 10:58:19.158  INFO 4810 --- [    Test worker] com.tweetapp.service.UserService         : Successfully changed password , class com.tweetapp.service.UserService
2022-04-07 10:58:19.161  INFO 4810 --- [    Test worker] com.tweetapp.service.UserService         : Attempting to get all users, class com.tweetapp.service.UserService
2022-04-07 10:58:19.163  INFO 4810 --- [    Test worker] com.tweetapp.service.UserService         : Attempting to change password, class com.tweetapp.service.UserService
2022-04-07 10:58:19.165  INFO 4810 --- [    Test worker] com.tweetapp.service.UserService         : Attempting to login, class com.tweetapp.service.UserService
2022-04-07 10:58:19.168  INFO 4810 --- [    Test worker] com.tweetapp.service.UserService         : Attempting to get all users, class com.tweetapp.service.UserService
2022-04-07 10:58:19.168  INFO 4810 --- [    Test worker] com.tweetapp.service.UserService         : Successfully retrieved all user, class com.tweetapp.service.UserService
]]></system-out>
  <system-err><![CDATA[]]></system-err>
</testsuite>
