<?xml version="1.0" encoding="UTF-8"?>
<testsuite name="com.tweetapp.controller.UserControllerTest" tests="4" skipped="0" failures="0" errors="0" timestamp="2022-03-08T12:00:35" hostname="kali" time="0.1">
  <properties/>
  <testcase name="testGetAllUsers()" classname="com.tweetapp.controller.UserControllerTest" time="0.016"/>
  <testcase name="testLoginUser()" classname="com.tweetapp.controller.UserControllerTest" time="0.066"/>
  <testcase name="testRegisterUser()" classname="com.tweetapp.controller.UserControllerTest" time="0.007"/>
  <testcase name="testForgotPassword()" classname="com.tweetapp.controller.UserControllerTest" time="0.007"/>
  <system-out><![CDATA[2022-03-08 17:30:34.343  INFO 93500 --- [    Test worker] .b.t.a.w.s.WebMvcTestContextBootstrapper : Neither @ContextConfiguration nor @ContextHierarchy found for test class [com.tweetapp.controller.UserControllerTest], using SpringBootContextLoader
2022-03-08 17:30:34.344  INFO 93500 --- [    Test worker] o.s.t.c.support.AbstractContextLoader    : Could not detect default resource locations for test class [com.tweetapp.controller.UserControllerTest]: no resource found for suffixes {-context.xml, Context.groovy}.
2022-03-08 17:30:34.345  INFO 93500 --- [    Test worker] t.c.s.AnnotationConfigContextLoaderUtils : Could not detect default configuration classes for test class [com.tweetapp.controller.UserControllerTest]: UserControllerTest does not declare any static, non-private, non-final, nested classes annotated with @Configuration.
2022-03-08 17:30:34.350  INFO 93500 --- [    Test worker] .b.t.c.SpringBootTestContextBootstrapper : Found @SpringBootConfiguration com.tweetapp.TweetappApplication for test class com.tweetapp.controller.UserControllerTest
2022-03-08 17:30:34.350  INFO 93500 --- [    Test worker] .b.t.a.w.s.WebMvcTestContextBootstrapper : Loaded default TestExecutionListener class names from location [META-INF/spring.factories]: [org.springframework.boot.test.autoconfigure.restdocs.RestDocsTestExecutionListener, org.springframework.boot.test.autoconfigure.web.client.MockRestServiceServerResetTestExecutionListener, org.springframework.boot.test.autoconfigure.web.servlet.MockMvcPrintOnlyOnFailureTestExecutionListener, org.springframework.boot.test.autoconfigure.web.servlet.WebDriverTestExecutionListener, org.springframework.boot.test.autoconfigure.webservices.client.MockWebServiceServerTestExecutionListener, org.springframework.boot.test.mock.mockito.MockitoTestExecutionListener, org.springframework.boot.test.mock.mockito.ResetMocksTestExecutionListener, org.springframework.test.context.web.ServletTestExecutionListener, org.springframework.test.context.support.DirtiesContextBeforeModesTestExecutionListener, org.springframework.test.context.event.ApplicationEventsTestExecutionListener, org.springframework.test.context.support.DependencyInjectionTestExecutionListener, org.springframework.test.context.support.DirtiesContextTestExecutionListener, org.springframework.test.context.transaction.TransactionalTestExecutionListener, org.springframework.test.context.jdbc.SqlScriptsTestExecutionListener, org.springframework.test.context.event.EventPublishingTestExecutionListener]
2022-03-08 17:30:34.351  INFO 93500 --- [    Test worker] .b.t.a.w.s.WebMvcTestContextBootstrapper : Using TestExecutionListeners: [org.springframework.test.context.web.ServletTestExecutionListener@1da53f4f, org.springframework.test.context.support.DirtiesContextBeforeModesTestExecutionListener@4e7eba9f, org.springframework.test.context.event.ApplicationEventsTestExecutionListener@2df71be0, org.springframework.boot.test.mock.mockito.MockitoTestExecutionListener@b841713, org.springframework.boot.test.autoconfigure.SpringBootDependencyInjectionTestExecutionListener@3fef1e6b, org.springframework.test.context.support.DirtiesContextTestExecutionListener@4fee14b, org.springframework.test.context.transaction.TransactionalTestExecutionListener@11c3d22f, org.springframework.test.context.jdbc.SqlScriptsTestExecutionListener@3a54638b, org.springframework.test.context.event.EventPublishingTestExecutionListener@7d8f2eec, org.springframework.boot.test.autoconfigure.restdocs.RestDocsTestExecutionListener@e886caf, org.springframework.boot.test.autoconfigure.web.client.MockRestServiceServerResetTestExecutionListener@1d585fb, org.springframework.boot.test.autoconfigure.web.servlet.MockMvcPrintOnlyOnFailureTestExecutionListener@1884e671, org.springframework.boot.test.autoconfigure.web.servlet.WebDriverTestExecutionListener@1c7843c3, org.springframework.boot.test.autoconfigure.webservices.client.MockWebServiceServerTestExecutionListener@5158a9f7, org.springframework.boot.test.mock.mockito.ResetMocksTestExecutionListener@7c8f047a]

  .   ____          _            __ _ _
 /\\ / ___'_ __ _ _(_)_ __  __ _ \ \ \ \
( ( )\___ | '_ | '_| | '_ \/ _` | \ \ \ \
 \\/  ___)| |_)| | | | | || (_| |  ) ) ) )
  '  |____| .__|_| |_|_| |_\__, | / / / /
 =========|_|==============|___/=/_/_/_/
 :: Spring Boot ::                (v2.6.3)

2022-03-08 17:30:34.386  INFO 93500 --- [    Test worker] c.t.controller.UserControllerTest        : Starting UserControllerTest using Java 17.0.2 on kali with PID 93500 (started by amith in /home/amith/Documents/Tweetsapp)
2022-03-08 17:30:34.387  INFO 93500 --- [    Test worker] c.t.controller.UserControllerTest        : No active profile set, falling back to default profiles: default
2022-03-08 17:30:34.978  INFO 93500 --- [    Test worker] o.s.b.t.m.w.SpringBootMockServletContext : Initializing Spring TestDispatcherServlet ''
2022-03-08 17:30:34.978  INFO 93500 --- [    Test worker] o.s.t.web.servlet.TestDispatcherServlet  : Initializing Servlet ''
2022-03-08 17:30:34.979  INFO 93500 --- [    Test worker] o.s.t.web.servlet.TestDispatcherServlet  : Completed initialization in 1 ms
2022-03-08 17:30:34.997  INFO 93500 --- [    Test worker] c.t.controller.UserControllerTest        : Started UserControllerTest in 0.643 seconds (JVM running for 4.516)
2022-03-08 17:30:35.010  INFO 93500 --- [    Test worker] com.tweetapp.controller.UserController   : Attempting to get all users, class com.tweetapp.controller.UserController
2022-03-08 17:30:35.011  INFO 93500 --- [    Test worker] com.tweetapp.controller.UserController   : Successfully retrieved all user, class com.tweetapp.controller.UserController
2022-03-08 17:30:35.080  INFO 93500 --- [    Test worker] com.tweetapp.controller.UserController   : Attempting to login, class com.tweetapp.controller.UserController
2022-03-08 17:30:35.080  INFO 93500 --- [    Test worker] com.tweetapp.controller.UserController   : Successfully logged in, class com.tweetapp.controller.UserController
2022-03-08 17:30:35.081  INFO 93500 --- [    Test worker] com.tweetapp.controller.UserController   : Session :null, class: class com.tweetapp.controller.UserController
2022-03-08 17:30:35.090  INFO 93500 --- [    Test worker] com.tweetapp.controller.UserController   : Attempting to create new user, class com.tweetapp.controller.UserController
2022-03-08 17:30:35.091  INFO 93500 --- [    Test worker] com.tweetapp.controller.UserController   : Successfully created user, class com.tweetapp.controller.TweetsController
2022-03-08 17:30:35.099  INFO 93500 --- [    Test worker] com.tweetapp.controller.UserController   : Attempting to change password, class com.tweetapp.controller.UserController
2022-03-08 17:30:35.100  INFO 93500 --- [    Test worker] com.tweetapp.controller.UserController   : Successfully changed password , class com.tweetapp.controller.UserController
]]></system-out>
  <system-err><![CDATA[]]></system-err>
</testsuite>
