<?xml version="1.0" encoding="UTF-8"?>
<testsuite name="com.tweetapp.dto.TweetsDtoTest" tests="1" skipped="0" failures="0" errors="0" timestamp="2022-03-24T08:38:34" hostname="kali" time="0.001">
  <properties/>
  <testcase name="testGetterAndSetter()" classname="com.tweetapp.dto.TweetsDtoTest" time="0.001"/>
  <system-out><![CDATA[]]></system-out>
  <system-err><![CDATA[]]></system-err>
</testsuite>
