<?xml version="1.0" encoding="UTF-8"?>
<testsuite name="com.tweetapp.service.UserServiceTest" tests="7" skipped="0" failures="0" errors="0" timestamp="2022-03-24T08:38:35" hostname="kali" time="0.067">
  <properties/>
  <testcase name="testLogin()" classname="com.tweetapp.service.UserServiceTest" time="0.045"/>
  <testcase name="testRegisterUser()" classname="com.tweetapp.service.UserServiceTest" time="0.003"/>
  <testcase name="testChangePassword()" classname="com.tweetapp.service.UserServiceTest" time="0.004"/>
  <testcase name="testRetrieveAll_throwsException()" classname="com.tweetapp.service.UserServiceTest" time="0.003"/>
  <testcase name="testChangePassword_throwsException()" classname="com.tweetapp.service.UserServiceTest" time="0.003"/>
  <testcase name="testLogin_throwsException()" classname="com.tweetapp.service.UserServiceTest" time="0.003"/>
  <testcase name="testRetrieveAll()" classname="com.tweetapp.service.UserServiceTest" time="0.003"/>
  <system-out><![CDATA[2022-03-24 14:08:35.177  INFO 51084 --- [    Test worker] com.tweetapp.service.UserService         : Attempting to login, class com.tweetapp.service.UserService
2022-03-24 14:08:35.178  INFO 51084 --- [    Test worker] com.tweetapp.service.UserService         : Successfully logged in, class com.tweetapp.service.UserService
2022-03-24 14:08:35.181  INFO 51084 --- [    Test worker] com.tweetapp.service.UserService         : Attempting to create new user, class com.tweetapp.service.UserService
2022-03-24 14:08:35.182  INFO 51084 --- [    Test worker] com.tweetapp.service.UserService         : Successfully created user, class com.tweetapp.service.UserService
2022-03-24 14:08:35.185  INFO 51084 --- [    Test worker] com.tweetapp.service.UserService         : Attempting to change password, class com.tweetapp.service.UserService
2022-03-24 14:08:35.186  INFO 51084 --- [    Test worker] com.tweetapp.service.UserService         : Successfully changed password , class com.tweetapp.service.UserService
2022-03-24 14:08:35.190  INFO 51084 --- [    Test worker] com.tweetapp.service.UserService         : Attempting to get all users, class com.tweetapp.service.UserService
2022-03-24 14:08:35.193  INFO 51084 --- [    Test worker] com.tweetapp.service.UserService         : Attempting to change password, class com.tweetapp.service.UserService
2022-03-24 14:08:35.197  INFO 51084 --- [    Test worker] com.tweetapp.service.UserService         : Attempting to login, class com.tweetapp.service.UserService
2022-03-24 14:08:35.200  INFO 51084 --- [    Test worker] com.tweetapp.service.UserService         : Attempting to get all users, class com.tweetapp.service.UserService
2022-03-24 14:08:35.201  INFO 51084 --- [    Test worker] com.tweetapp.service.UserService         : Successfully retrieved all user, class com.tweetapp.service.UserService
]]></system-out>
  <system-err><![CDATA[]]></system-err>
</testsuite>
