<?xml version="1.0" encoding="UTF-8"?>
<testsuite name="com.tweetapp.controller.TweetsControllerTest" tests="9" skipped="0" failures="0" errors="0" timestamp="2022-03-31T09:52:18" hostname="kali" time="0.502">
  <properties/>
  <testcase name="testDeleteTweet()" classname="com.tweetapp.controller.TweetsControllerTest" time="0.308"/>
  <testcase name="testPostTweet()" classname="com.tweetapp.controller.TweetsControllerTest" time="0.103"/>
  <testcase name="testUpdateTweet()" classname="com.tweetapp.controller.TweetsControllerTest" time="0.015"/>
  <testcase name="testUpdateTweet_errorStatus()" classname="com.tweetapp.controller.TweetsControllerTest" time="0.01"/>
  <testcase name="testPostTweet_errorStatus()" classname="com.tweetapp.controller.TweetsControllerTest" time="0.008"/>
  <testcase name="testGetAllTweets()" classname="com.tweetapp.controller.TweetsControllerTest" time="0.016"/>
  <testcase name="testGetAllTweets_ErrorStatus()" classname="com.tweetapp.controller.TweetsControllerTest" time="0.007"/>
  <testcase name="testGetAllTweetsByUser_errorStatus()" classname="com.tweetapp.controller.TweetsControllerTest" time="0.008"/>
  <testcase name="testGetAllTweetsByUser()" classname="com.tweetapp.controller.TweetsControllerTest" time="0.009"/>
  <system-out><![CDATA[15:22:13.853 [Test worker] DEBUG org.springframework.test.context.BootstrapUtils - Instantiating CacheAwareContextLoaderDelegate from class [org.springframework.test.context.cache.DefaultCacheAwareContextLoaderDelegate]
15:22:13.864 [Test worker] DEBUG org.springframework.test.context.BootstrapUtils - Instantiating BootstrapContext using constructor [public org.springframework.test.context.support.DefaultBootstrapContext(java.lang.Class,org.springframework.test.context.CacheAwareContextLoaderDelegate)]
15:22:13.904 [Test worker] DEBUG org.springframework.test.context.BootstrapUtils - Instantiating TestContextBootstrapper for test class [com.tweetapp.controller.TweetsControllerTest] from class [org.springframework.boot.test.autoconfigure.web.servlet.WebMvcTestContextBootstrapper]
15:22:13.915 [Test worker] INFO org.springframework.boot.test.autoconfigure.web.servlet.WebMvcTestContextBootstrapper - Neither @ContextConfiguration nor @ContextHierarchy found for test class [com.tweetapp.controller.TweetsControllerTest], using SpringBootContextLoader
15:22:13.918 [Test worker] DEBUG org.springframework.test.context.support.AbstractContextLoader - Did not detect default resource location for test class [com.tweetapp.controller.TweetsControllerTest]: class path resource [com/tweetapp/controller/TweetsControllerTest-context.xml] does not exist
15:22:13.919 [Test worker] DEBUG org.springframework.test.context.support.AbstractContextLoader - Did not detect default resource location for test class [com.tweetapp.controller.TweetsControllerTest]: class path resource [com/tweetapp/controller/TweetsControllerTestContext.groovy] does not exist
15:22:13.919 [Test worker] INFO org.springframework.test.context.support.AbstractContextLoader - Could not detect default resource locations for test class [com.tweetapp.controller.TweetsControllerTest]: no resource found for suffixes {-context.xml, Context.groovy}.
15:22:13.920 [Test worker] INFO org.springframework.test.context.support.AnnotationConfigContextLoaderUtils - Could not detect default configuration classes for test class [com.tweetapp.controller.TweetsControllerTest]: TweetsControllerTest does not declare any static, non-private, non-final, nested classes annotated with @Configuration.
15:22:13.994 [Test worker] DEBUG org.springframework.test.context.support.ActiveProfilesUtils - Could not find an 'annotation declaring class' for annotation type [org.springframework.test.context.ActiveProfiles] and class [com.tweetapp.controller.TweetsControllerTest]
15:22:14.064 [Test worker] DEBUG org.springframework.context.annotation.ClassPathScanningCandidateComponentProvider - Identified candidate component class: file [/home/amith/Downloads/Tweetsapp/build/classes/java/main/com/tweetapp/TweetappApplication.class]
15:22:14.065 [Test worker] INFO org.springframework.boot.test.context.SpringBootTestContextBootstrapper - Found @SpringBootConfiguration com.tweetapp.TweetappApplication for test class com.tweetapp.controller.TweetsControllerTest
15:22:14.067 [Test worker] DEBUG org.springframework.boot.test.autoconfigure.web.servlet.WebMvcTestContextBootstrapper - @TestExecutionListeners is not present for class [com.tweetapp.controller.TweetsControllerTest]: using defaults.
15:22:14.068 [Test worker] INFO org.springframework.boot.test.autoconfigure.web.servlet.WebMvcTestContextBootstrapper - Loaded default TestExecutionListener class names from location [META-INF/spring.factories]: [org.springframework.boot.test.autoconfigure.restdocs.RestDocsTestExecutionListener, org.springframework.boot.test.autoconfigure.web.client.MockRestServiceServerResetTestExecutionListener, org.springframework.boot.test.autoconfigure.web.servlet.MockMvcPrintOnlyOnFailureTestExecutionListener, org.springframework.boot.test.autoconfigure.web.servlet.WebDriverTestExecutionListener, org.springframework.boot.test.autoconfigure.webservices.client.MockWebServiceServerTestExecutionListener, org.springframework.boot.test.mock.mockito.MockitoTestExecutionListener, org.springframework.boot.test.mock.mockito.ResetMocksTestExecutionListener, org.springframework.test.context.web.ServletTestExecutionListener, org.springframework.test.context.support.DirtiesContextBeforeModesTestExecutionListener, org.springframework.test.context.event.ApplicationEventsTestExecutionListener, org.springframework.test.context.support.DependencyInjectionTestExecutionListener, org.springframework.test.context.support.DirtiesContextTestExecutionListener, org.springframework.test.context.transaction.TransactionalTestExecutionListener, org.springframework.test.context.jdbc.SqlScriptsTestExecutionListener, org.springframework.test.context.event.EventPublishingTestExecutionListener]
15:22:14.088 [Test worker] INFO org.springframework.boot.test.autoconfigure.web.servlet.WebMvcTestContextBootstrapper - Using TestExecutionListeners: [org.springframework.test.context.web.ServletTestExecutionListener@30f5a68a, org.springframework.test.context.support.DirtiesContextBeforeModesTestExecutionListener@1e1d3956, org.springframework.test.context.event.ApplicationEventsTestExecutionListener@4f2c9ba6, org.springframework.boot.test.mock.mockito.MockitoTestExecutionListener@4e28bdd1, org.springframework.boot.test.autoconfigure.SpringBootDependencyInjectionTestExecutionListener@53f48368, org.springframework.test.context.support.DirtiesContextTestExecutionListener@24d4d7c9, org.springframework.test.context.transaction.TransactionalTestExecutionListener@f0e995e, org.springframework.test.context.jdbc.SqlScriptsTestExecutionListener@4c37b5b, org.springframework.test.context.event.EventPublishingTestExecutionListener@73db4768, org.springframework.boot.test.autoconfigure.restdocs.RestDocsTestExecutionListener@71b3bc45, org.springframework.boot.test.autoconfigure.web.client.MockRestServiceServerResetTestExecutionListener@a8c1f44, org.springframework.boot.test.autoconfigure.web.servlet.MockMvcPrintOnlyOnFailureTestExecutionListener@150ab4ed, org.springframework.boot.test.autoconfigure.web.servlet.WebDriverTestExecutionListener@3c435123, org.springframework.boot.test.autoconfigure.webservices.client.MockWebServiceServerTestExecutionListener@50fe837a, org.springframework.boot.test.mock.mockito.ResetMocksTestExecutionListener@3a62c01e]
15:22:14.091 [Test worker] DEBUG org.springframework.test.context.support.AbstractDirtiesContextTestExecutionListener - Before test class: context [DefaultTestContext@30990c1b testClass = TweetsControllerTest, testInstance = [null], testMethod = [null], testException = [null], mergedContextConfiguration = [WebMergedContextConfiguration@2453f95d testClass = TweetsControllerTest, locations = '{}', classes = '{class com.tweetapp.TweetappApplication}', contextInitializerClasses = '[]', activeProfiles = '{}', propertySourceLocations = '{}', propertySourceProperties = '{org.springframework.boot.test.autoconfigure.web.servlet.WebMvcTestContextBootstrapper=true}', contextCustomizers = set[org.springframework.boot.test.autoconfigure.OverrideAutoConfigurationContextCustomizerFactory$DisableAutoConfigurationContextCustomizer@16414e40, org.springframework.boot.test.autoconfigure.actuate.metrics.MetricsExportContextCustomizerFactory$DisableMetricExportContextCustomizer@78383390, org.springframework.boot.test.autoconfigure.filter.TypeExcludeFiltersContextCustomizer@1806be5c, org.springframework.boot.test.autoconfigure.properties.PropertyMappingContextCustomizer@363304bc, org.springframework.boot.test.autoconfigure.web.servlet.WebDriverContextCustomizerFactory$Customizer@93cf163, [ImportsContextCustomizer@44828f6b key = [org.springframework.boot.autoconfigure.cache.CacheAutoConfiguration, org.springframework.boot.autoconfigure.context.MessageSourceAutoConfiguration, org.springframework.boot.autoconfigure.data.web.SpringDataWebAutoConfiguration, org.springframework.boot.autoconfigure.freemarker.FreeMarkerAutoConfiguration, org.springframework.boot.autoconfigure.groovy.template.GroovyTemplateAutoConfiguration, org.springframework.boot.autoconfigure.gson.GsonAutoConfiguration, org.springframework.boot.autoconfigure.hateoas.HypermediaAutoConfiguration, org.springframework.boot.autoconfigure.http.HttpMessageConvertersAutoConfiguration, org.springframework.boot.autoconfigure.jackson.JacksonAutoConfiguration, org.springframework.boot.autoconfigure.jsonb.JsonbAutoConfiguration, org.springframework.boot.autoconfigure.mustache.MustacheAutoConfiguration, org.springframework.boot.autoconfigure.task.TaskExecutionAutoConfiguration, org.springframework.boot.autoconfigure.thymeleaf.ThymeleafAutoConfiguration, org.springframework.boot.autoconfigure.validation.ValidationAutoConfiguration, org.springframework.boot.autoconfigure.web.servlet.error.ErrorMvcAutoConfiguration, org.springframework.boot.autoconfigure.web.servlet.HttpEncodingAutoConfiguration, org.springframework.boot.autoconfigure.web.servlet.WebMvcAutoConfiguration, org.springframework.boot.test.autoconfigure.web.servlet.MockMvcAutoConfiguration, org.springframework.boot.test.autoconfigure.web.servlet.MockMvcWebClientAutoConfiguration, org.springframework.boot.test.autoconfigure.web.servlet.MockMvcWebDriverAutoConfiguration, org.springframework.boot.autoconfigure.security.oauth2.client.servlet.OAuth2ClientAutoConfiguration, org.springframework.boot.autoconfigure.security.oauth2.resource.servlet.OAuth2ResourceServerAutoConfiguration, org.springframework.boot.autoconfigure.security.servlet.SecurityAutoConfiguration, org.springframework.boot.autoconfigure.security.servlet.SecurityFilterAutoConfiguration, org.springframework.boot.autoconfigure.security.servlet.UserDetailsServiceAutoConfiguration, org.springframework.boot.test.autoconfigure.web.servlet.MockMvcSecurityConfiguration, org.springframework.boot.test.autoconfigure.web.reactive.WebTestClientAutoConfiguration]], org.springframework.boot.test.context.filter.ExcludeFilterContextCustomizer@59d2400d, org.springframework.boot.test.json.DuplicateJsonObjectContextCustomizerFactory$DuplicateJsonObjectContextCustomizer@5b202a3a, org.springframework.boot.test.mock.mockito.MockitoContextCustomizer@ab11d33c, org.springframework.boot.test.context.SpringBootTestArgs@1, org.springframework.boot.test.context.SpringBootTestWebEnvironment@0], resourceBasePath = 'src/main/webapp', contextLoader = 'org.springframework.boot.test.context.SpringBootContextLoader', parent = [null]], attributes = map[[empty]]], class annotated with @DirtiesContext [false] with mode [null].

  .   ____          _            __ _ _
 /\\ / ___'_ __ _ _(_)_ __  __ _ \ \ \ \
( ( )\___ | '_ | '_| | '_ \/ _` | \ \ \ \
 \\/  ___)| |_)| | | | | || (_| |  ) ) ) )
  '  |____| .__|_| |_|_| |_\__, | / / / /
 =========|_|==============|___/=/_/_/_/
 :: Spring Boot ::                (v2.6.3)

2022-03-31 15:22:14.488  INFO 37033 --- [    Test worker] c.t.controller.TweetsControllerTest      : Starting TweetsControllerTest using Java 17.0.2 on kali with PID 37033 (started by amith in /home/amith/Downloads/Tweetsapp)
2022-03-31 15:22:14.489  INFO 37033 --- [    Test worker] c.t.controller.TweetsControllerTest      : No active profile set, falling back to default profiles: default
2022-03-31 15:22:18.709  INFO 37033 --- [    Test worker] o.s.b.t.m.w.SpringBootMockServletContext : Initializing Spring TestDispatcherServlet ''
2022-03-31 15:22:18.709  INFO 37033 --- [    Test worker] o.s.t.web.servlet.TestDispatcherServlet  : Initializing Servlet ''
2022-03-31 15:22:18.711  INFO 37033 --- [    Test worker] o.s.t.web.servlet.TestDispatcherServlet  : Completed initialization in 2 ms
2022-03-31 15:22:18.762  INFO 37033 --- [    Test worker] c.t.controller.TweetsControllerTest      : Started TweetsControllerTest in 4.638 seconds (JVM running for 6.086)
2022-03-31 15:22:19.022  INFO 37033 --- [    Test worker] c.tweetapp.controller.TweetsController   : Attempting to delete tweet, class com.tweetapp.controller.TweetsController
2022-03-31 15:22:19.031  INFO 37033 --- [    Test worker] c.tweetapp.controller.TweetsController   : Successfully deleted tweet, class com.tweetapp.controller.TweetsController
2022-03-31 15:22:19.180  INFO 37033 --- [    Test worker] c.tweetapp.controller.TweetsController   : Attempting to create new tweet, class com.tweetapp.controller.TweetsController
2022-03-31 15:22:19.181  INFO 37033 --- [    Test worker] c.tweetapp.controller.TweetsController   : Successfully created new tweet, class com.tweetapp.controller.TweetsController
2022-03-31 15:22:19.203  INFO 37033 --- [    Test worker] c.tweetapp.controller.TweetsController   : Attempting to Update Tweet, class com.tweetapp.controller.TweetsController
2022-03-31 15:22:19.204  INFO 37033 --- [    Test worker] c.tweetapp.controller.TweetsController   : Successfully Updated Tweet, class com.tweetapp.controller.TweetsController
2022-03-31 15:22:19.218  WARN 37033 --- [    Test worker] .w.s.m.s.DefaultHandlerExceptionResolver : Resolved [org.springframework.http.converter.HttpMessageNotReadableException: Required request body is missing: public org.springframework.http.ResponseEntity<com.tweetapp.dto.TweetsDto> com.tweetapp.controller.TweetsController.updateTweet(java.lang.String,java.lang.String,com.tweetapp.model.Tweets,javax.servlet.http.HttpSession) throws com.tweetapp.exceptions.NoDataAvailableException]
2022-03-31 15:22:19.228  WARN 37033 --- [    Test worker] .w.s.m.s.DefaultHandlerExceptionResolver : Resolved [org.springframework.http.converter.HttpMessageNotReadableException: Required request body is missing: public org.springframework.http.ResponseEntity<com.tweetapp.dto.TweetsDto> com.tweetapp.controller.TweetsController.postTweet(java.lang.String,com.tweetapp.model.Tweets,javax.servlet.http.HttpSession) throws com.tweetapp.exceptions.NoDataAvailableException]
2022-03-31 15:22:19.241  INFO 37033 --- [    Test worker] c.tweetapp.controller.TweetsController   : Attempting to fetch all tweets, class com.tweetapp.controller.TweetsController
2022-03-31 15:22:19.242  INFO 37033 --- [    Test worker] c.tweetapp.controller.TweetsController   : Successfully retrieved all tweets, class com.tweetapp.controller.TweetsController
2022-03-31 15:22:19.255  WARN 37033 --- [    Test worker] .w.s.m.s.DefaultHandlerExceptionResolver : Resolved [org.springframework.web.bind.MissingServletRequestParameterException: Required request parameter 'size' for method parameter type int is not present]
2022-03-31 15:22:19.264  WARN 37033 --- [    Test worker] .w.s.m.s.DefaultHandlerExceptionResolver : Resolved [org.springframework.web.bind.MissingServletRequestParameterException: Required request parameter 'email' for method parameter type String is not present]
2022-03-31 15:22:19.276  INFO 37033 --- [    Test worker] c.tweetapp.controller.TweetsController   : Attempting to fetch all tweets by user, class com.tweetapp.controller.TweetsController
2022-03-31 15:22:19.276  INFO 37033 --- [    Test worker] c.tweetapp.controller.TweetsController   : Successfully retrieved tweets, class com.tweetapp.controller.TweetsController
]]></system-out>
  <system-err><![CDATA[]]></system-err>
</testsuite>
