<?xml version="1.0" encoding="UTF-8"?>
<testsuite name="com.tweetapp.service.UserServiceTest" tests="7" skipped="0" failures="0" errors="0" timestamp="2022-03-08T12:00:35" hostname="kali" time="0.06">
  <properties/>
  <testcase name="testLogin()" classname="com.tweetapp.service.UserServiceTest" time="0.04"/>
  <testcase name="testRegisterUser()" classname="com.tweetapp.service.UserServiceTest" time="0.003"/>
  <testcase name="testChangePassword()" classname="com.tweetapp.service.UserServiceTest" time="0.004"/>
  <testcase name="testRetrieveAll_throwsException()" classname="com.tweetapp.service.UserServiceTest" time="0.003"/>
  <testcase name="testChangePassword_throwsException()" classname="com.tweetapp.service.UserServiceTest" time="0.003"/>
  <testcase name="testLogin_throwsException()" classname="com.tweetapp.service.UserServiceTest" time="0.003"/>
  <testcase name="testRetrieveAll()" classname="com.tweetapp.service.UserServiceTest" time="0.003"/>
  <system-out><![CDATA[2022-03-08 17:30:35.320  INFO 93500 --- [    Test worker] com.tweetapp.service.UserService         : Attempting to login, class com.tweetapp.service.UserService
2022-03-08 17:30:35.324  INFO 93500 --- [    Test worker] com.tweetapp.service.UserService         : Successfully logged in, class com.tweetapp.service.UserService
2022-03-08 17:30:35.327  INFO 93500 --- [    Test worker] com.tweetapp.service.UserService         : Attempting to create new user, class com.tweetapp.service.UserService
2022-03-08 17:30:35.327  INFO 93500 --- [    Test worker] com.tweetapp.service.UserService         : Successfully created user, class com.tweetapp.service.UserService
2022-03-08 17:30:35.330  INFO 93500 --- [    Test worker] com.tweetapp.service.UserService         : Attempting to change password, class com.tweetapp.service.UserService
2022-03-08 17:30:35.331  INFO 93500 --- [    Test worker] com.tweetapp.service.UserService         : Successfully changed password , class com.tweetapp.service.UserService
2022-03-08 17:30:35.334  INFO 93500 --- [    Test worker] com.tweetapp.service.UserService         : Attempting to get all users, class com.tweetapp.service.UserService
2022-03-08 17:30:35.337  INFO 93500 --- [    Test worker] com.tweetapp.service.UserService         : Attempting to change password, class com.tweetapp.service.UserService
2022-03-08 17:30:35.341  INFO 93500 --- [    Test worker] com.tweetapp.service.UserService         : Attempting to login, class com.tweetapp.service.UserService
2022-03-08 17:30:35.344  INFO 93500 --- [    Test worker] com.tweetapp.service.UserService         : Attempting to get all users, class com.tweetapp.service.UserService
2022-03-08 17:30:35.345  INFO 93500 --- [    Test worker] com.tweetapp.service.UserService         : Successfully retrieved all user, class com.tweetapp.service.UserService
]]></system-out>
  <system-err><![CDATA[]]></system-err>
</testsuite>
