<?xml version="1.0" encoding="UTF-8"?>
<testsuite name="com.tweetapp.dto.UserDtoTest" tests="1" skipped="0" failures="0" errors="0" timestamp="2022-03-08T12:00:35" hostname="kali" time="0.0">
  <properties/>
  <testcase name="testGetterAndSetter()" classname="com.tweetapp.dto.UserDtoTest" time="0.0"/>
  <system-out><![CDATA[]]></system-out>
  <system-err><![CDATA[]]></system-err>
</testsuite>
