<?xml version="1.0" encoding="UTF-8"?>
<testsuite name="com.tweetapp.dto.ExceptionFormatTest" tests="1" skipped="0" failures="0" errors="0" timestamp="2022-04-07T05:28:18" hostname="kali" time="0.007">
  <properties/>
  <testcase name="testGetterAndSetter()" classname="com.tweetapp.dto.ExceptionFormatTest" time="0.007"/>
  <system-out><![CDATA[]]></system-out>
  <system-err><![CDATA[]]></system-err>
</testsuite>
