<?xml version="1.0" encoding="UTF-8"?>
<testsuite name="com.tweetapp.controller.UserControllerTest" tests="4" skipped="0" failures="0" errors="0" timestamp="2022-03-24T08:38:34" hostname="kali" time="0.222">
  <properties/>
  <testcase name="testGetAllUsers()" classname="com.tweetapp.controller.UserControllerTest" time="0.026"/>
  <testcase name="testLoginUser()" classname="com.tweetapp.controller.UserControllerTest" time="0.152"/>
  <testcase name="testRegisterUser()" classname="com.tweetapp.controller.UserControllerTest" time="0.015"/>
  <testcase name="testForgotPassword()" classname="com.tweetapp.controller.UserControllerTest" time="0.018"/>
  <system-out><![CDATA[2022-03-24 14:08:33.430  INFO 51084 --- [    Test worker] .b.t.a.w.s.WebMvcTestContextBootstrapper : Neither @ContextConfiguration nor @ContextHierarchy found for test class [com.tweetapp.controller.UserControllerTest], using SpringBootContextLoader
2022-03-24 14:08:33.432  INFO 51084 --- [    Test worker] o.s.t.c.support.AbstractContextLoader    : Could not detect default resource locations for test class [com.tweetapp.controller.UserControllerTest]: no resource found for suffixes {-context.xml, Context.groovy}.
2022-03-24 14:08:33.432  INFO 51084 --- [    Test worker] t.c.s.AnnotationConfigContextLoaderUtils : Could not detect default configuration classes for test class [com.tweetapp.controller.UserControllerTest]: UserControllerTest does not declare any static, non-private, non-final, nested classes annotated with @Configuration.
2022-03-24 14:08:33.438  INFO 51084 --- [    Test worker] .b.t.c.SpringBootTestContextBootstrapper : Found @SpringBootConfiguration com.tweetapp.TweetappApplication for test class com.tweetapp.controller.UserControllerTest
2022-03-24 14:08:33.439  INFO 51084 --- [    Test worker] .b.t.a.w.s.WebMvcTestContextBootstrapper : Loaded default TestExecutionListener class names from location [META-INF/spring.factories]: [org.springframework.boot.test.autoconfigure.restdocs.RestDocsTestExecutionListener, org.springframework.boot.test.autoconfigure.web.client.MockRestServiceServerResetTestExecutionListener, org.springframework.boot.test.autoconfigure.web.servlet.MockMvcPrintOnlyOnFailureTestExecutionListener, org.springframework.boot.test.autoconfigure.web.servlet.WebDriverTestExecutionListener, org.springframework.boot.test.autoconfigure.webservices.client.MockWebServiceServerTestExecutionListener, org.springframework.boot.test.mock.mockito.MockitoTestExecutionListener, org.springframework.boot.test.mock.mockito.ResetMocksTestExecutionListener, org.springframework.test.context.web.ServletTestExecutionListener, org.springframework.test.context.support.DirtiesContextBeforeModesTestExecutionListener, org.springframework.test.context.event.ApplicationEventsTestExecutionListener, org.springframework.test.context.support.DependencyInjectionTestExecutionListener, org.springframework.test.context.support.DirtiesContextTestExecutionListener, org.springframework.test.context.transaction.TransactionalTestExecutionListener, org.springframework.test.context.jdbc.SqlScriptsTestExecutionListener, org.springframework.test.context.event.EventPublishingTestExecutionListener]
2022-03-24 14:08:33.440  INFO 51084 --- [    Test worker] .b.t.a.w.s.WebMvcTestContextBootstrapper : Using TestExecutionListeners: [org.springframework.test.context.web.ServletTestExecutionListener@41059616, org.springframework.test.context.support.DirtiesContextBeforeModesTestExecutionListener@2e93108a, org.springframework.test.context.event.ApplicationEventsTestExecutionListener@34e25492, org.springframework.boot.test.mock.mockito.MockitoTestExecutionListener@32f308c6, org.springframework.boot.test.autoconfigure.SpringBootDependencyInjectionTestExecutionListener@5f2b9da8, org.springframework.test.context.support.DirtiesContextTestExecutionListener@698ac187, org.springframework.test.context.transaction.TransactionalTestExecutionListener@4fea5ee0, org.springframework.test.context.jdbc.SqlScriptsTestExecutionListener@65f5cae3, org.springframework.test.context.event.EventPublishingTestExecutionListener@6630dd28, org.springframework.boot.test.autoconfigure.restdocs.RestDocsTestExecutionListener@5909ae90, org.springframework.boot.test.autoconfigure.web.client.MockRestServiceServerResetTestExecutionListener@4489f60f, org.springframework.boot.test.autoconfigure.web.servlet.MockMvcPrintOnlyOnFailureTestExecutionListener@fe08eaf, org.springframework.boot.test.autoconfigure.web.servlet.WebDriverTestExecutionListener@6fd9dbe6, org.springframework.boot.test.autoconfigure.webservices.client.MockWebServiceServerTestExecutionListener@7b3085a3, org.springframework.boot.test.mock.mockito.ResetMocksTestExecutionListener@70022d44]

  .   ____          _            __ _ _
 /\\ / ___'_ __ _ _(_)_ __  __ _ \ \ \ \
( ( )\___ | '_ | '_| | '_ \/ _` | \ \ \ \
 \\/  ___)| |_)| | | | | || (_| |  ) ) ) )
  '  |____| .__|_| |_|_| |_\__, | / / / /
 =========|_|==============|___/=/_/_/_/
 :: Spring Boot ::                (v2.6.3)

2022-03-24 14:08:33.483  INFO 51084 --- [    Test worker] c.t.controller.UserControllerTest        : Starting UserControllerTest using Java 17.0.2 on kali with PID 51084 (started by amith in /home/amith/Documents/Tweetsapp)
2022-03-24 14:08:33.484  INFO 51084 --- [    Test worker] c.t.controller.UserControllerTest        : No active profile set, falling back to default profiles: default
2022-03-24 14:08:34.565  INFO 51084 --- [    Test worker] o.s.b.t.m.w.SpringBootMockServletContext : Initializing Spring TestDispatcherServlet ''
2022-03-24 14:08:34.566  INFO 51084 --- [    Test worker] o.s.t.web.servlet.TestDispatcherServlet  : Initializing Servlet ''
2022-03-24 14:08:34.568  INFO 51084 --- [    Test worker] o.s.t.web.servlet.TestDispatcherServlet  : Completed initialization in 1 ms
2022-03-24 14:08:34.594  INFO 51084 --- [    Test worker] c.t.controller.UserControllerTest        : Started UserControllerTest in 1.15 seconds (JVM running for 5.591)
2022-03-24 14:08:34.608  INFO 51084 --- [    Test worker] com.tweetapp.controller.UserController   : Attempting to get all users, class com.tweetapp.controller.UserController
2022-03-24 14:08:34.610  INFO 51084 --- [    Test worker] com.tweetapp.controller.UserController   : Successfully retrieved all user, class com.tweetapp.controller.UserController
2022-03-24 14:08:34.767  INFO 51084 --- [    Test worker] com.tweetapp.controller.UserController   : Attempting to login, class com.tweetapp.controller.UserController
2022-03-24 14:08:34.769  INFO 51084 --- [    Test worker] com.tweetapp.controller.UserController   : Successfully logged in, class com.tweetapp.controller.UserController
2022-03-24 14:08:34.770  INFO 51084 --- [    Test worker] com.tweetapp.controller.UserController   : Session :null, class: class com.tweetapp.controller.UserController
2022-03-24 14:08:34.796  INFO 51084 --- [    Test worker] com.tweetapp.controller.UserController   : Attempting to create new user, class com.tweetapp.controller.UserController
2022-03-24 14:08:34.797  INFO 51084 --- [    Test worker] com.tweetapp.controller.UserController   : Successfully created user, class com.tweetapp.controller.TweetsController
2022-03-24 14:08:34.814  INFO 51084 --- [    Test worker] com.tweetapp.controller.UserController   : Attempting to change password, class com.tweetapp.controller.UserController
2022-03-24 14:08:34.815  INFO 51084 --- [    Test worker] com.tweetapp.controller.UserController   : Successfully changed password , class com.tweetapp.controller.UserController
]]></system-out>
  <system-err><![CDATA[]]></system-err>
</testsuite>
