<?xml version="1.0" encoding="UTF-8"?>
<testsuite name="com.tweetapp.controller.UserControllerTest" tests="4" skipped="0" failures="0" errors="0" timestamp="2022-03-31T09:02:07" hostname="kali" time="0.101">
  <properties/>
  <testcase name="testGetAllUsers()" classname="com.tweetapp.controller.UserControllerTest" time="0.014"/>
  <testcase name="testLoginUser()" classname="com.tweetapp.controller.UserControllerTest" time="0.066"/>
  <testcase name="testRegisterUser()" classname="com.tweetapp.controller.UserControllerTest" time="0.008"/>
  <testcase name="testForgotPassword()" classname="com.tweetapp.controller.UserControllerTest" time="0.009"/>
  <system-out><![CDATA[2022-03-31 14:32:07.146  INFO 21454 --- [    Test worker] .b.t.a.w.s.WebMvcTestContextBootstrapper : Neither @ContextConfiguration nor @ContextHierarchy found for test class [com.tweetapp.controller.UserControllerTest], using SpringBootContextLoader
2022-03-31 14:32:07.147  INFO 21454 --- [    Test worker] o.s.t.c.support.AbstractContextLoader    : Could not detect default resource locations for test class [com.tweetapp.controller.UserControllerTest]: no resource found for suffixes {-context.xml, Context.groovy}.
2022-03-31 14:32:07.147  INFO 21454 --- [    Test worker] t.c.s.AnnotationConfigContextLoaderUtils : Could not detect default configuration classes for test class [com.tweetapp.controller.UserControllerTest]: UserControllerTest does not declare any static, non-private, non-final, nested classes annotated with @Configuration.
2022-03-31 14:32:07.151  INFO 21454 --- [    Test worker] .b.t.c.SpringBootTestContextBootstrapper : Found @SpringBootConfiguration com.tweetapp.TweetappApplication for test class com.tweetapp.controller.UserControllerTest
2022-03-31 14:32:07.152  INFO 21454 --- [    Test worker] .b.t.a.w.s.WebMvcTestContextBootstrapper : Loaded default TestExecutionListener class names from location [META-INF/spring.factories]: [org.springframework.boot.test.autoconfigure.restdocs.RestDocsTestExecutionListener, org.springframework.boot.test.autoconfigure.web.client.MockRestServiceServerResetTestExecutionListener, org.springframework.boot.test.autoconfigure.web.servlet.MockMvcPrintOnlyOnFailureTestExecutionListener, org.springframework.boot.test.autoconfigure.web.servlet.WebDriverTestExecutionListener, org.springframework.boot.test.autoconfigure.webservices.client.MockWebServiceServerTestExecutionListener, org.springframework.boot.test.mock.mockito.MockitoTestExecutionListener, org.springframework.boot.test.mock.mockito.ResetMocksTestExecutionListener, org.springframework.test.context.web.ServletTestExecutionListener, org.springframework.test.context.support.DirtiesContextBeforeModesTestExecutionListener, org.springframework.test.context.event.ApplicationEventsTestExecutionListener, org.springframework.test.context.support.DependencyInjectionTestExecutionListener, org.springframework.test.context.support.DirtiesContextTestExecutionListener, org.springframework.test.context.transaction.TransactionalTestExecutionListener, org.springframework.test.context.jdbc.SqlScriptsTestExecutionListener, org.springframework.test.context.event.EventPublishingTestExecutionListener]
2022-03-31 14:32:07.152  INFO 21454 --- [    Test worker] .b.t.a.w.s.WebMvcTestContextBootstrapper : Using TestExecutionListeners: [org.springframework.test.context.web.ServletTestExecutionListener@7b1c501d, org.springframework.test.context.support.DirtiesContextBeforeModesTestExecutionListener@5abbb273, org.springframework.test.context.event.ApplicationEventsTestExecutionListener@25d9291a, org.springframework.boot.test.mock.mockito.MockitoTestExecutionListener@445058e8, org.springframework.boot.test.autoconfigure.SpringBootDependencyInjectionTestExecutionListener@5d5574c7, org.springframework.test.context.support.DirtiesContextTestExecutionListener@5a7a6d34, org.springframework.test.context.transaction.TransactionalTestExecutionListener@36871e98, org.springframework.test.context.jdbc.SqlScriptsTestExecutionListener@70d687b8, org.springframework.test.context.event.EventPublishingTestExecutionListener@6533629, org.springframework.boot.test.autoconfigure.restdocs.RestDocsTestExecutionListener@f49e81a, org.springframework.boot.test.autoconfigure.web.client.MockRestServiceServerResetTestExecutionListener@1b444b5, org.springframework.boot.test.autoconfigure.web.servlet.MockMvcPrintOnlyOnFailureTestExecutionListener@459bf87c, org.springframework.boot.test.autoconfigure.web.servlet.WebDriverTestExecutionListener@5ae66c98, org.springframework.boot.test.autoconfigure.webservices.client.MockWebServiceServerTestExecutionListener@1aaf46e6, org.springframework.boot.test.mock.mockito.ResetMocksTestExecutionListener@391d28ea]

  .   ____          _            __ _ _
 /\\ / ___'_ __ _ _(_)_ __  __ _ \ \ \ \
( ( )\___ | '_ | '_| | '_ \/ _` | \ \ \ \
 \\/  ___)| |_)| | | | | || (_| |  ) ) ) )
  '  |____| .__|_| |_|_| |_\__, | / / / /
 =========|_|==============|___/=/_/_/_/
 :: Spring Boot ::                (v2.6.3)

2022-03-31 14:32:07.178  INFO 21454 --- [    Test worker] c.t.controller.UserControllerTest        : Starting UserControllerTest using Java 17.0.2 on kali with PID 21454 (started by amith in /home/amith/Downloads/Tweetsapp)
2022-03-31 14:32:07.179  INFO 21454 --- [    Test worker] c.t.controller.UserControllerTest        : No active profile set, falling back to default profiles: default
2022-03-31 14:32:07.919  INFO 21454 --- [    Test worker] o.s.b.t.m.w.SpringBootMockServletContext : Initializing Spring TestDispatcherServlet ''
2022-03-31 14:32:07.919  INFO 21454 --- [    Test worker] o.s.t.web.servlet.TestDispatcherServlet  : Initializing Servlet ''
2022-03-31 14:32:07.920  INFO 21454 --- [    Test worker] o.s.t.web.servlet.TestDispatcherServlet  : Completed initialization in 1 ms
2022-03-31 14:32:07.933  INFO 21454 --- [    Test worker] c.t.controller.UserControllerTest        : Started UserControllerTest in 0.779 seconds (JVM running for 5.591)
2022-03-31 14:32:07.944  INFO 21454 --- [    Test worker] com.tweetapp.controller.UserController   : Attempting to get all users, class com.tweetapp.controller.UserController
2022-03-31 14:32:07.945  INFO 21454 --- [    Test worker] com.tweetapp.controller.UserController   : Successfully retrieved all user, class com.tweetapp.controller.UserController
2022-03-31 14:32:08.013  INFO 21454 --- [    Test worker] com.tweetapp.controller.UserController   : Attempting to login, class com.tweetapp.controller.UserController
2022-03-31 14:32:08.014  INFO 21454 --- [    Test worker] com.tweetapp.controller.UserController   : Successfully logged in, class com.tweetapp.controller.UserController
2022-03-31 14:32:08.014  INFO 21454 --- [    Test worker] com.tweetapp.controller.UserController   : Session :null, class: class com.tweetapp.controller.UserController
2022-03-31 14:32:08.024  INFO 21454 --- [    Test worker] com.tweetapp.controller.UserController   : Attempting to create new user, class com.tweetapp.controller.UserController
2022-03-31 14:32:08.024  INFO 21454 --- [    Test worker] com.tweetapp.controller.UserController   : Successfully created user, class com.tweetapp.controller.TweetsController
2022-03-31 14:32:08.035  INFO 21454 --- [    Test worker] com.tweetapp.controller.UserController   : Attempting to change password, class com.tweetapp.controller.UserController
2022-03-31 14:32:08.036  INFO 21454 --- [    Test worker] com.tweetapp.controller.UserController   : Successfully changed password , class com.tweetapp.controller.UserController
]]></system-out>
  <system-err><![CDATA[]]></system-err>
</testsuite>
