<?xml version="1.0" encoding="UTF-8"?>
<testsuite name="com.tweetapp.controller.UserControllerTest" tests="4" skipped="0" failures="0" errors="0" timestamp="2022-04-07T05:28:18" hostname="kali" time="0.089">
  <properties/>
  <testcase name="testGetAllUsers()" classname="com.tweetapp.controller.UserControllerTest" time="0.013"/>
  <testcase name="testLoginUser()" classname="com.tweetapp.controller.UserControllerTest" time="0.057"/>
  <testcase name="testRegisterUser()" classname="com.tweetapp.controller.UserControllerTest" time="0.007"/>
  <testcase name="testForgotPassword()" classname="com.tweetapp.controller.UserControllerTest" time="0.009"/>
  <system-out><![CDATA[2022-04-07 10:58:18.288  INFO 4810 --- [    Test worker] .b.t.a.w.s.WebMvcTestContextBootstrapper : Neither @ContextConfiguration nor @ContextHierarchy found for test class [com.tweetapp.controller.UserControllerTest], using SpringBootContextLoader
2022-04-07 10:58:18.289  INFO 4810 --- [    Test worker] o.s.t.c.support.AbstractContextLoader    : Could not detect default resource locations for test class [com.tweetapp.controller.UserControllerTest]: no resource found for suffixes {-context.xml, Context.groovy}.
2022-04-07 10:58:18.289  INFO 4810 --- [    Test worker] t.c.s.AnnotationConfigContextLoaderUtils : Could not detect default configuration classes for test class [com.tweetapp.controller.UserControllerTest]: UserControllerTest does not declare any static, non-private, non-final, nested classes annotated with @Configuration.
2022-04-07 10:58:18.292  INFO 4810 --- [    Test worker] .b.t.c.SpringBootTestContextBootstrapper : Found @SpringBootConfiguration com.tweetapp.TweetappApplication for test class com.tweetapp.controller.UserControllerTest
2022-04-07 10:58:18.293  INFO 4810 --- [    Test worker] .b.t.a.w.s.WebMvcTestContextBootstrapper : Loaded default TestExecutionListener class names from location [META-INF/spring.factories]: [org.springframework.boot.test.autoconfigure.restdocs.RestDocsTestExecutionListener, org.springframework.boot.test.autoconfigure.web.client.MockRestServiceServerResetTestExecutionListener, org.springframework.boot.test.autoconfigure.web.servlet.MockMvcPrintOnlyOnFailureTestExecutionListener, org.springframework.boot.test.autoconfigure.web.servlet.WebDriverTestExecutionListener, org.springframework.boot.test.autoconfigure.webservices.client.MockWebServiceServerTestExecutionListener, org.springframework.boot.test.mock.mockito.MockitoTestExecutionListener, org.springframework.boot.test.mock.mockito.ResetMocksTestExecutionListener, org.springframework.test.context.web.ServletTestExecutionListener, org.springframework.test.context.support.DirtiesContextBeforeModesTestExecutionListener, org.springframework.test.context.event.ApplicationEventsTestExecutionListener, org.springframework.test.context.support.DependencyInjectionTestExecutionListener, org.springframework.test.context.support.DirtiesContextTestExecutionListener, org.springframework.test.context.transaction.TransactionalTestExecutionListener, org.springframework.test.context.jdbc.SqlScriptsTestExecutionListener, org.springframework.test.context.event.EventPublishingTestExecutionListener]
2022-04-07 10:58:18.293  INFO 4810 --- [    Test worker] .b.t.a.w.s.WebMvcTestContextBootstrapper : Using TestExecutionListeners: [org.springframework.test.context.web.ServletTestExecutionListener@5909ae90, org.springframework.test.context.support.DirtiesContextBeforeModesTestExecutionListener@4489f60f, org.springframework.test.context.event.ApplicationEventsTestExecutionListener@fe08eaf, org.springframework.boot.test.mock.mockito.MockitoTestExecutionListener@6fd9dbe6, org.springframework.boot.test.autoconfigure.SpringBootDependencyInjectionTestExecutionListener@7b3085a3, org.springframework.test.context.support.DirtiesContextTestExecutionListener@70022d44, org.springframework.test.context.transaction.TransactionalTestExecutionListener@7b1c501d, org.springframework.test.context.jdbc.SqlScriptsTestExecutionListener@5abbb273, org.springframework.test.context.event.EventPublishingTestExecutionListener@25d9291a, org.springframework.boot.test.autoconfigure.restdocs.RestDocsTestExecutionListener@445058e8, org.springframework.boot.test.autoconfigure.web.client.MockRestServiceServerResetTestExecutionListener@5d5574c7, org.springframework.boot.test.autoconfigure.web.servlet.MockMvcPrintOnlyOnFailureTestExecutionListener@5a7a6d34, org.springframework.boot.test.autoconfigure.web.servlet.WebDriverTestExecutionListener@36871e98, org.springframework.boot.test.autoconfigure.webservices.client.MockWebServiceServerTestExecutionListener@70d687b8, org.springframework.boot.test.mock.mockito.ResetMocksTestExecutionListener@6533629]

  .   ____          _            __ _ _
 /\\ / ___'_ __ _ _(_)_ __  __ _ \ \ \ \
( ( )\___ | '_ | '_| | '_ \/ _` | \ \ \ \
 \\/  ___)| |_)| | | | | || (_| |  ) ) ) )
  '  |____| .__|_| |_|_| |_\__, | / / / /
 =========|_|==============|___/=/_/_/_/
 :: Spring Boot ::                (v2.6.3)

2022-04-07 10:58:18.317  INFO 4810 --- [    Test worker] c.t.controller.UserControllerTest        : Starting UserControllerTest using Java 17.0.2 on kali with PID 4810 (started by amith in /home/amith/Downloads/Tweetsapp)
2022-04-07 10:58:18.318  INFO 4810 --- [    Test worker] c.t.controller.UserControllerTest        : No active profile set, falling back to default profiles: default
2022-04-07 10:58:18.869  INFO 4810 --- [    Test worker] o.s.b.t.m.w.SpringBootMockServletContext : Initializing Spring TestDispatcherServlet ''
2022-04-07 10:58:18.869  INFO 4810 --- [    Test worker] o.s.t.web.servlet.TestDispatcherServlet  : Initializing Servlet ''
2022-04-07 10:58:18.870  INFO 4810 --- [    Test worker] o.s.t.web.servlet.TestDispatcherServlet  : Completed initialization in 1 ms
2022-04-07 10:58:18.879  INFO 4810 --- [    Test worker] c.t.controller.UserControllerTest        : Started UserControllerTest in 0.583 seconds (JVM running for 4.974)
2022-04-07 10:58:18.888  INFO 4810 --- [    Test worker] com.tweetapp.controller.UserController   : Attempting to get all users, class com.tweetapp.controller.UserController
2022-04-07 10:58:18.889  INFO 4810 --- [    Test worker] com.tweetapp.controller.UserController   : Successfully retrieved all user, class com.tweetapp.controller.UserController
2022-04-07 10:58:18.949  INFO 4810 --- [    Test worker] com.tweetapp.controller.UserController   : Attempting to login, class com.tweetapp.controller.UserController
2022-04-07 10:58:18.950  INFO 4810 --- [    Test worker] com.tweetapp.controller.UserController   : Successfully logged in, class com.tweetapp.controller.UserController
2022-04-07 10:58:18.950  INFO 4810 --- [    Test worker] com.tweetapp.controller.UserController   : Session :null, class: class com.tweetapp.controller.UserController
2022-04-07 10:58:18.959  INFO 4810 --- [    Test worker] com.tweetapp.controller.UserController   : Attempting to create new user, class com.tweetapp.controller.UserController
2022-04-07 10:58:18.960  INFO 4810 --- [    Test worker] com.tweetapp.controller.UserController   : Successfully created user, class com.tweetapp.controller.TweetsController
2022-04-07 10:58:18.969  INFO 4810 --- [    Test worker] com.tweetapp.controller.UserController   : Attempting to change password, class com.tweetapp.controller.UserController
2022-04-07 10:58:18.969  INFO 4810 --- [    Test worker] com.tweetapp.controller.UserController   : Successfully changed password , class com.tweetapp.controller.UserController
]]></system-out>
  <system-err><![CDATA[]]></system-err>
</testsuite>
